<?xml version="1.0" encoding="UTF-8"?>
<!-- Generated by org.testng.reporters.JUnitReportReporter -->
<testsuite hostname="DESKTOP-LEEFA11" failures="0" tests="2" name="org.subname1.Home2" time="0.022" errors="0" timestamp="2023-11-24T17:03:14 IST" skipped="1">
  <testcase classname="org.subname1.Home2" name="t10" time="0.022"/>
  <testcase classname="org.subname1.Home2" name="t20">
    <skipped/>
  </testcase> <!-- t20 -->
</testsuite> <!-- org.subname1.Home2 -->
