<?xml version="1.0" encoding="UTF-8"?>
<!-- Generated by org.testng.reporters.JUnitReportReporter -->
<testsuite hostname="DESKTOP-LEEFA11" failures="0" tests="2" name="com.webtable.WebTable" time="147.427" errors="0" timestamp="2023-11-24T15:56:13 IST" skipped="1">
  <testcase classname="com.webtable.WebTable" name="techlisticDynamicTableDemo" time="147.427"/>
  <testcase classname="com.webtable.WebTable" name="techlisticStaticTableDemo">
    <skipped/>
  </testcase> <!-- techlisticStaticTableDemo -->
</testsuite> <!-- com.webtable.WebTable -->
