<?xml version="1.0" encoding="UTF-8"?>
<!-- Generated by org.testng.reporters.JUnitReportReporter -->
<testsuite hostname="DESKTOP-LEEFA11" failures="0" tests="2" name="org.subname1.Practise2" time="0.019" errors="0" timestamp="2023-11-18T15:32:08 IST" skipped="0">
  <testcase classname="org.subname1.Practise2" name="t10" time="0.015"/>
  <testcase classname="org.subname1.Practise2" name="t30" time="0.004"/>
</testsuite> <!-- org.subname1.Practise2 -->
