<?xml version="1.0" encoding="UTF-8"?>
<!-- Generated by org.testng.reporters.JUnitReportReporter -->
<testsuite hostname="DESKTOP-LEEFA11" failures="0" tests="1" name="org.subname1.Practise1" time="0.003" errors="0" timestamp="2023-11-18T15:32:08 IST" skipped="0">
  <testcase classname="org.subname1.Practise1" name="t200" time="0.003"/>
</testsuite> <!-- org.subname1.Practise1 -->
