<?xml version="1.0" encoding="UTF-8"?>
<!-- Generated by org.testng.reporters.JUnitReportReporter -->
<testsuite hostname="DESKTOP-LEEFA11" failures="0" tests="2" name="org.subname1.Home1" time="0.020" errors="0" timestamp="2023-11-24T17:03:14 IST" skipped="0">
  <testcase classname="org.subname1.Home1" name="t200" time="0.008"/>
  <testcase classname="org.subname1.Home1" name="t200" time="0.012"/>
</testsuite> <!-- org.subname1.Home1 -->
